<?xml version="1.0" encoding="UTF-8"?>
<!-- Generated by org.testng.reporters.JUnitXMLReporter -->
<testsuite ignored="0" hostname="DESKTOP-US1NOA4" failures="1" tests="1" name="chrometest" time="8.198" errors="0" timestamp="2024-12-25T13:15:10 IST">
  <testcase classname="com.mystore.testcases.AccountRegisterationTest" name="verify_account_registeration" time="2.069">
    <failure type="java.lang.AssertionError" message="null">
      <![CDATA[java.lang.AssertionError: null
at com.mystore.testcases.AccountRegisterationTest.verify_account_registeration(AccountRegisterationTest.java:47)
at java.base/java.util.ArrayList.forEach(ArrayList.java:1597)
at java.base/java.util.concurrent.FutureTask.run(FutureTask.java:317)
at java.base/java.util.concurrent.ThreadPoolExecutor.runWorker(ThreadPoolExecutor.java:1144)
at java.base/java.util.concurrent.ThreadPoolExecutor$Worker.run(ThreadPoolExecutor.java:642)
at java.base/java.lang.Thread.run(Thread.java:1575)
... Removed 17 stack frames]]>
    </failure>
  </testcase> <!-- verify_account_registeration -->
</testsuite> <!-- chrometest -->
